Using pre-set license
Built from '2020.3/staging' branch; Version is '2020.3.13f1 (71691879b7f5) revision 7432472'; Using compiler version '192528614'; Build Type 'Release'
OS: 'Windows 10 Home Single Language; OS build 19043.1348; Version 2009; 64bit' Language: 'en' Physical Memory: 12030 MB
BatchMode: 1, IsHumanControllingUs: 0, StartBugReporterOnCrash: 0, Is64bit: 1, IsPro: 0

 COMMAND LINE ARGUMENTS:
C:\Program Files\Unity\Hub\Editor\2020.3.13f1\Editor\Unity.exe
-adb2
-batchMode
-noUpm
-name
AssetImportWorker0
-projectPath
D:/Kuliah/Semester 7/Pemrograman Game/Praktikum/Praktikum Pemrograman Game/Praktikum-pemgame
-logFile
Logs/AssetImportWorker0.log
-srvPort
59174
Successfully changed project path to: D:/Kuliah/Semester 7/Pemrograman Game/Praktikum/Praktikum Pemrograman Game/Praktikum-pemgame
D:/Kuliah/Semester 7/Pemrograman Game/Praktikum/Praktikum Pemrograman Game/Praktikum-pemgame
Using Asset Import Pipeline V2.
Refreshing native plugins compatible for Editor in 106.86 ms, found 2 plugins.
Preloading 0 native plugins for Editor in 0.00 ms.
Initialize engine version: 2020.3.13f1 (71691879b7f5)
[Subsystems] Discovering subsystems at path C:/Program Files/Unity/Hub/Editor/2020.3.13f1/Editor/Data/Resources/UnitySubsystems
[Subsystems] Discovering subsystems at path D:/Kuliah/Semester 7/Pemrograman Game/Praktikum/Praktikum Pemrograman Game/Praktikum-pemgame/Assets
GfxDevice: creating device client; threaded=0
Direct3D:
    Version:  Direct3D 11.0 [level 11.1]
    Renderer: NVIDIA GeForce MX330 (ID=0x1d16)
    Vendor:   
    VRAM:     1983 MB
    Driver:   30.0.14.7196
Shader 'Enviro/Lite/SkyboxSimple': fallback shader 'None' not found
Shader 'Enviro/Standard/SkyboxSimple': fallback shader 'None' not found
Initialize mono
Mono path[0] = 'C:/Program Files/Unity/Hub/Editor/2020.3.13f1/Editor/Data/Managed'
Mono path[1] = 'C:/Program Files/Unity/Hub/Editor/2020.3.13f1/Editor/Data/MonoBleedingEdge/lib/mono/unityjit'
Mono config path = 'C:/Program Files/Unity/Hub/Editor/2020.3.13f1/Editor/Data/MonoBleedingEdge/etc'
Using monoOptions --debugger-agent=transport=dt_socket,embedding=1,server=y,suspend=n,address=127.0.0.1:56908
Begin MonoManager ReloadAssembly
Registering precompiled unity dll's ...
Register platform support module: C:/Program Files/Unity/Hub/Editor/2020.3.13f1/Editor/Data/PlaybackEngines/WindowsStandaloneSupport/UnityEditor.WindowsStandalone.Extensions.dll
Registered in 0.001589 seconds.
Native extension for WindowsStandalone target not found
Refreshing native plugins compatible for Editor in 133.84 ms, found 2 plugins.
Preloading 0 native plugins for Editor in 0.00 ms.
Mono: successfully reloaded assembly
- Completed reload, in  3.036 seconds
Platform modules already initialized, skipping
Registering precompiled user dll's ...
Registered in 0.009932 seconds.
Begin MonoManager ReloadAssembly
Native extension for WindowsStandalone target not found
Refreshing native plugins compatible for Editor in 0.74 ms, found 2 plugins.
Preloading 0 native plugins for Editor in 0.00 ms.
Mono: successfully reloaded assembly
- Completed reload, in  1.557 seconds
Platform modules already initialized, skipping
========================================================================
Worker process is ready to serve import requests
Shader 'Enviro/Lite/SkyboxSimple': fallback shader 'None' not found
Shader 'Enviro/Standard/SkyboxSimple': fallback shader 'None' not found
Launched and connected shader compiler UnityShaderCompiler.exe after 0.07 seconds
Refreshing native plugins compatible for Editor in 0.73 ms, found 2 plugins.
Preloading 0 native plugins for Editor in 0.00 ms.
Unloading 1831 Unused Serialized files (Serialized files now loaded: 0)
System memory in use before: 162.9 MB.
System memory in use after: 162.6 MB.

Unloading 20 unused Assets to reduce memory usage. Loaded Objects now: 2311.
Total: 3.620600 ms (FindLiveObjects: 0.151200 ms CreateObjectMapping: 0.055100 ms MarkObjects: 2.851300 ms  DeleteObjects: 0.561400 ms)

AssetImportParameters requested are different than current active one (requested -> active):
  custom:framework-win-MediaFoundation: 216162199b28c13a410421893ffa2e32 -> 
  custom:video-decoder-ogg-theora: a1e56fd34408186e4bbccfd4996cb3dc -> 
  custom:container-muxer-webm: aa71ff27fc2769a1b78a27578f13a17b -> 
  custom:container-demuxer-webm: 4f35f7cbe854078d1ac9338744f61a02 -> 
  custom:container-demuxer-ogg: 62fdf1f143b41e24485cea50d1cbac27 -> 
  custom:video-encoder-webm-vp8: eb34c28f22e8b96e1ab97ce403110664 -> 
  custom:video-codec-MediaFoundation-h265: 746d11721c4dcdbdad8f713fa42b33f4 -> 
  custom:video-decoder-webm-vp8: 9c59270c3fd7afecdb556c50c9e8de78 -> 
  custom:audio-decoder-ogg-vorbis: bf7c407c2cedff20999df2af8eb42d56 -> 
  custom:audio-encoder-webm-vorbis: bf7c407c2cedff20999df2af8eb42d56 -> 
========================================================================
Received Import Request.
  path: Assets/Inventory_LAB
  artifactKey: Guid(36b8078b27c1fa347b3ff8f0d9b571c8) Importer(815301076,1909f56bfc062723c751e8b465ee728b)
Start importing Assets/Inventory_LAB using Guid(36b8078b27c1fa347b3ff8f0d9b571c8) Importer(815301076,1909f56bfc062723c751e8b465ee728b)  -> (artifact id: 'b4d02d8181ce0f52bf9be22065a101d8') in 0.016547 seconds 
  Import took 0.021779 seconds .

========================================================================
Received Import Request.
  Time since last request: 19.612568 seconds.
  path: Assets/Inventory_LAB/Prefabs
  artifactKey: Guid(20a95491c8ffbdb4f9f54def4e9f6eb0) Importer(815301076,1909f56bfc062723c751e8b465ee728b)
Start importing Assets/Inventory_LAB/Prefabs using Guid(20a95491c8ffbdb4f9f54def4e9f6eb0) Importer(815301076,1909f56bfc062723c751e8b465ee728b)  -> (artifact id: 'b094d3e2ee4127cbcef40899d57bf21a') in 0.033320 seconds 
  Import took 0.039084 seconds .

========================================================================
Received Import Request.
  Time since last request: 0.003237 seconds.
  path: Assets/Inventory_LAB/Prefabs
  artifactKey: Guid(20a95491c8ffbdb4f9f54def4e9f6eb0) Importer(815301076,1909f56bfc062723c751e8b465ee728b)
Start importing Assets/Inventory_LAB/Prefabs using Guid(20a95491c8ffbdb4f9f54def4e9f6eb0) Importer(815301076,1909f56bfc062723c751e8b465ee728b)  -> (artifact id: 'b094d3e2ee4127cbcef40899d57bf21a') in 0.003355 seconds 
  Import took 0.012605 seconds .

========================================================================
Received Import Request.
  Time since last request: 2.402975 seconds.
  path: Assets/Inventory_LAB/Prefabs/parent
  artifactKey: Guid(f2b23ceefe2c9b741aa9733b9d71d8ba) Importer(815301076,1909f56bfc062723c751e8b465ee728b)
Start importing Assets/Inventory_LAB/Prefabs/parent using Guid(f2b23ceefe2c9b741aa9733b9d71d8ba) Importer(815301076,1909f56bfc062723c751e8b465ee728b)  -> (artifact id: '0d11d60b8dcc99b29448bc6785096a20') in 0.009240 seconds 
  Import took 0.021566 seconds .

========================================================================
Received Import Request.
  Time since last request: 0.174221 seconds.
  path: Assets/Inventory_LAB/Prefabs/parent/InventoryParent.prefab
  artifactKey: Guid(223eaadab9e58034cbcb88577ab87a11) Importer(815301076,1909f56bfc062723c751e8b465ee728b)
Start importing Assets/Inventory_LAB/Prefabs/parent/InventoryParent.prefab using Guid(223eaadab9e58034cbcb88577ab87a11) Importer(815301076,1909f56bfc062723c751e8b465ee728b)  -> (artifact id: 'aa56aec58e85c468226fe8a6cef0a241') in 0.076244 seconds 
  Import took 0.087883 seconds .

========================================================================
Received Import Request.
  Time since last request: 0.000500 seconds.
  path: Assets/Inventory_LAB/Prefabs/parent/Treasure Content.prefab
  artifactKey: Guid(8dc88cf01a4ae91408b076dbc90a8eec) Importer(815301076,1909f56bfc062723c751e8b465ee728b)
Start importing Assets/Inventory_LAB/Prefabs/parent/Treasure Content.prefab using Guid(8dc88cf01a4ae91408b076dbc90a8eec) Importer(815301076,1909f56bfc062723c751e8b465ee728b)  -> (artifact id: 'a948d15a4d751345f4398c326b32edcf') in 0.040116 seconds 
  Import took 0.056140 seconds .

========================================================================
Received Import Request.
  Time since last request: 49.534707 seconds.
  path: Assets/Inventory_LAB/Assets
  artifactKey: Guid(7c95381df95d9824087a235778743a9f) Importer(815301076,1909f56bfc062723c751e8b465ee728b)
Start importing Assets/Inventory_LAB/Assets using Guid(7c95381df95d9824087a235778743a9f) Importer(815301076,1909f56bfc062723c751e8b465ee728b)  -> (artifact id: 'bb0020e24485a9f64833bbe6f4175ea1') in 0.012738 seconds 
  Import took 0.029067 seconds .

========================================================================
Received Import Request.
  Time since last request: 0.156220 seconds.
  path: Assets/Inventory_LAB/Assets/CloseButton.png
  artifactKey: Guid(8a14df2e730279e459d6207e15dbfe84) Importer(815301076,1909f56bfc062723c751e8b465ee728b)
Start importing Assets/Inventory_LAB/Assets/CloseButton.png using Guid(8a14df2e730279e459d6207e15dbfe84) Importer(815301076,1909f56bfc062723c751e8b465ee728b)  -> (artifact id: 'd55bd8e6e9b1958cf651143f5bfb38e3') in 0.101612 seconds 
  Import took 0.106804 seconds .

========================================================================
Received Import Request.
  Time since last request: 0.000307 seconds.
  path: Assets/Inventory_LAB/Assets/Panel.png
  artifactKey: Guid(7f2bdc5bef6d6754aa3e5eb7d8ab1c6b) Importer(815301076,1909f56bfc062723c751e8b465ee728b)
Start importing Assets/Inventory_LAB/Assets/Panel.png using Guid(7f2bdc5bef6d6754aa3e5eb7d8ab1c6b) Importer(815301076,1909f56bfc062723c751e8b465ee728b)  -> (artifact id: '97e31b938d26f87d97ab662b22c7658d') in 0.026697 seconds 
  Import took 0.034117 seconds .

========================================================================
Received Import Request.
  Time since last request: 0.000242 seconds.
  path: Assets/Inventory_LAB/Assets/Icon.png
  artifactKey: Guid(f674cb940261f1243ad3a72d0c612ae2) Importer(815301076,1909f56bfc062723c751e8b465ee728b)
Start importing Assets/Inventory_LAB/Assets/Icon.png using Guid(f674cb940261f1243ad3a72d0c612ae2) Importer(815301076,1909f56bfc062723c751e8b465ee728b)  -> (artifact id: 'eab57b574d2838522ad4e1cd5f383d05') in 0.049690 seconds 
  Import took 0.055494 seconds .

========================================================================
Received Import Request.
  Time since last request: 228.971858 seconds.
  path: Assets/Inventory_LAB/HealthPotion
  artifactKey: Guid(3585e7b374764db46afac2bea36d49c5) Importer(815301076,1909f56bfc062723c751e8b465ee728b)
Start importing Assets/Inventory_LAB/HealthPotion using Guid(3585e7b374764db46afac2bea36d49c5) Importer(815301076,1909f56bfc062723c751e8b465ee728b)  -> (artifact id: '022129418b32b395381d93b3123ff5d3') in 0.015979 seconds 
  Import took 0.029168 seconds .

========================================================================
Received Import Request.
  Time since last request: 0.008384 seconds.
  path: Assets/Inventory_LAB/HealthPotion
  artifactKey: Guid(3585e7b374764db46afac2bea36d49c5) Importer(815301076,1909f56bfc062723c751e8b465ee728b)
Start importing Assets/Inventory_LAB/HealthPotion using Guid(3585e7b374764db46afac2bea36d49c5) Importer(815301076,1909f56bfc062723c751e8b465ee728b)  -> (artifact id: '022129418b32b395381d93b3123ff5d3') in 0.008998 seconds 
  Import took 0.014882 seconds .

========================================================================
Received Import Request.
  Time since last request: 0.116609 seconds.
  path: Assets/Inventory_LAB/HealthPotion/Health Potion I.asset
  artifactKey: Guid(ebb266e29d17a734db51f740d553f71d) Importer(815301076,1909f56bfc062723c751e8b465ee728b)
Start importing Assets/Inventory_LAB/HealthPotion/Health Potion I.asset using Guid(ebb266e29d17a734db51f740d553f71d) Importer(815301076,1909f56bfc062723c751e8b465ee728b)  -> (artifact id: 'b78c881ee8d476b7f2e2e61f2a3bb660') in 0.025050 seconds 
  Import took 0.029235 seconds .

========================================================================
Received Import Request.
  Time since last request: 0.000233 seconds.
  path: Assets/Inventory_LAB/HealthPotion/Health Potion1.png
  artifactKey: Guid(e2c7fb5921b138c43a27c165b8396a0b) Importer(815301076,1909f56bfc062723c751e8b465ee728b)
Start importing Assets/Inventory_LAB/HealthPotion/Health Potion1.png using Guid(e2c7fb5921b138c43a27c165b8396a0b) Importer(815301076,1909f56bfc062723c751e8b465ee728b)  -> (artifact id: 'dfca95121bbd9473a1898d9e83cf69ca') in 0.036956 seconds 
  Import took 0.041330 seconds .

========================================================================
Received Import Request.
  Time since last request: 0.000800 seconds.
  path: Assets/Inventory_LAB/HealthPotion/Health Potion X.asset
  artifactKey: Guid(061fe6be8d5605f458670b3a3aa7b729) Importer(815301076,1909f56bfc062723c751e8b465ee728b)
Start importing Assets/Inventory_LAB/HealthPotion/Health Potion X.asset using Guid(061fe6be8d5605f458670b3a3aa7b729) Importer(815301076,1909f56bfc062723c751e8b465ee728b)  -> (artifact id: 'b922247823f9e5f6fee0911a69696c48') in 0.021650 seconds 
  Import took 0.033234 seconds .

========================================================================
Received Import Request.
  Time since last request: 0.001214 seconds.
  path: Assets/Inventory_LAB/HealthPotion/Health Potion.png
  artifactKey: Guid(aa8a4d9610bcc3549a5eecd513b10eef) Importer(815301076,1909f56bfc062723c751e8b465ee728b)
Start importing Assets/Inventory_LAB/HealthPotion/Health Potion.png using Guid(aa8a4d9610bcc3549a5eecd513b10eef) Importer(815301076,1909f56bfc062723c751e8b465ee728b)  -> (artifact id: '46f2c8e001d17613a3867691fbf0da86') in 0.035964 seconds 
  Import took 0.043613 seconds .

========================================================================
Received Import Request.
  Time since last request: 0.001918 seconds.
  path: Assets/Inventory_LAB/HealthPotion/Health Potion2.png
  artifactKey: Guid(bffb3a5384ba9754da027bb2dd17edc6) Importer(815301076,1909f56bfc062723c751e8b465ee728b)
Start importing Assets/Inventory_LAB/HealthPotion/Health Potion2.png using Guid(bffb3a5384ba9754da027bb2dd17edc6) Importer(815301076,1909f56bfc062723c751e8b465ee728b)  -> (artifact id: '17e6b867e46b935e12e1fa901fb16cda') in 0.035199 seconds 
  Import took 0.042859 seconds .

========================================================================
Received Import Request.
  Time since last request: 0.000204 seconds.
  path: Assets/Inventory_LAB/HealthPotion/Health Potion V.asset
  artifactKey: Guid(cb0e281dcac1f8d478f5615814d2b3f3) Importer(815301076,1909f56bfc062723c751e8b465ee728b)
Start importing Assets/Inventory_LAB/HealthPotion/Health Potion V.asset using Guid(cb0e281dcac1f8d478f5615814d2b3f3) Importer(815301076,1909f56bfc062723c751e8b465ee728b)  -> (artifact id: '0537e57f18fcb2dd7dee0d22364ebee9') in 0.026269 seconds 
  Import took 0.030823 seconds .

========================================================================
Received Import Request.
  Time since last request: 3.466435 seconds.
  path: Assets/Inventory_LAB/Prefabs/slot
  artifactKey: Guid(0a41f9a1eaf13e54ba75a3f9403c7a68) Importer(815301076,1909f56bfc062723c751e8b465ee728b)
Start importing Assets/Inventory_LAB/Prefabs/slot using Guid(0a41f9a1eaf13e54ba75a3f9403c7a68) Importer(815301076,1909f56bfc062723c751e8b465ee728b)  -> (artifact id: '54d295ac4868592d28047d6d88d3736f') in 0.032492 seconds 
  Import took 0.038006 seconds .

========================================================================
Received Import Request.
  Time since last request: 0.094240 seconds.
  path: Assets/Inventory_LAB/Prefabs/slot/colactableSlot.prefab
  artifactKey: Guid(5779188f06bc2d847b3d3e8e02856e1f) Importer(815301076,1909f56bfc062723c751e8b465ee728b)
Start importing Assets/Inventory_LAB/Prefabs/slot/colactableSlot.prefab using Guid(5779188f06bc2d847b3d3e8e02856e1f) Importer(815301076,1909f56bfc062723c751e8b465ee728b)  -> (artifact id: '909fa0c8331036f7ed9e3f1ea286a1e7') in 0.033751 seconds 
  Import took 0.044124 seconds .

========================================================================
Received Import Request.
  Time since last request: 0.002414 seconds.
  path: Assets/Inventory_LAB/Prefabs/slot/InventorySlot.prefab
  artifactKey: Guid(779d52ec8387bf54ea3e9d985b4e6600) Importer(815301076,1909f56bfc062723c751e8b465ee728b)
Start importing Assets/Inventory_LAB/Prefabs/slot/InventorySlot.prefab using Guid(779d52ec8387bf54ea3e9d985b4e6600) Importer(815301076,1909f56bfc062723c751e8b465ee728b)  -> (artifact id: '6e0295186ba83be713910f94e5f8a29f') in 0.019752 seconds 
  Import took 0.039506 seconds .

========================================================================
Received Import Request.
  Time since last request: 39.764173 seconds.
  path: Assets/Inventory_LAB/Scripts
  artifactKey: Guid(117e752c0caeb2246811945f9142cef4) Importer(815301076,1909f56bfc062723c751e8b465ee728b)
Start importing Assets/Inventory_LAB/Scripts using Guid(117e752c0caeb2246811945f9142cef4) Importer(815301076,1909f56bfc062723c751e8b465ee728b)  -> (artifact id: '1bc833a34ab8da0982be77dac62b1224') in 0.028419 seconds 
  Import took 0.042657 seconds .

========================================================================
Received Import Request.
  Time since last request: 1.605559 seconds.
  path: Assets/Inventory_LAB/Scripts/Inventory System
  artifactKey: Guid(8517201a95854c04c9a1c326195094b7) Importer(815301076,1909f56bfc062723c751e8b465ee728b)
Start importing Assets/Inventory_LAB/Scripts/Inventory System using Guid(8517201a95854c04c9a1c326195094b7) Importer(815301076,1909f56bfc062723c751e8b465ee728b)  -> (artifact id: '32580a7b8003f60a1ecf1bf9f71afe58') in 0.016078 seconds 
  Import took 0.026486 seconds .

========================================================================
Received Prepare
Registering precompiled user dll's ...
Registered in 0.020682 seconds.
Begin MonoManager ReloadAssembly
Native extension for WindowsStandalone target not found
Refreshing native plugins compatible for Editor in 2.01 ms, found 2 plugins.
Preloading 0 native plugins for Editor in 0.00 ms.
Mono: successfully reloaded assembly
- Completed reload, in  1.661 seconds
Platform modules already initialized, skipping
Shader 'Enviro/Lite/SkyboxSimple': fallback shader 'None' not found
Shader 'Enviro/Standard/SkyboxSimple': fallback shader 'None' not found
Refreshing native plugins compatible for Editor in 0.73 ms, found 2 plugins.
Preloading 0 native plugins for Editor in 0.00 ms.
Unloading 1743 Unused Serialized files (Serialized files now loaded: 0)
System memory in use before: 157.8 MB.
System memory in use after: 157.6 MB.

Unloading 16 unused Assets to reduce memory usage. Loaded Objects now: 2326.
Total: 3.424900 ms (FindLiveObjects: 0.220500 ms CreateObjectMapping: 0.080500 ms MarkObjects: 2.257500 ms  DeleteObjects: 0.864100 ms)

AssetImportParameters requested are different than current active one (requested -> active):
  custom:framework-win-MediaFoundation: 216162199b28c13a410421893ffa2e32 -> 
  custom:video-decoder-ogg-theora: a1e56fd34408186e4bbccfd4996cb3dc -> 
  custom:container-muxer-webm: aa71ff27fc2769a1b78a27578f13a17b -> 
  custom:container-demuxer-webm: 4f35f7cbe854078d1ac9338744f61a02 -> 
  custom:container-demuxer-ogg: 62fdf1f143b41e24485cea50d1cbac27 -> 
  custom:video-encoder-webm-vp8: eb34c28f22e8b96e1ab97ce403110664 -> 
  custom:video-codec-MediaFoundation-h265: 746d11721c4dcdbdad8f713fa42b33f4 -> 
  custom:video-decoder-webm-vp8: 9c59270c3fd7afecdb556c50c9e8de78 -> 
  custom:audio-decoder-ogg-vorbis: bf7c407c2cedff20999df2af8eb42d56 -> 
  custom:audio-encoder-webm-vorbis: bf7c407c2cedff20999df2af8eb42d56 -> 
========================================================================
Received Import Request.
  Time since last request: 524.421333 seconds.
  path: Assets/Inventory_LAB/Scripts/Treasure System
  artifactKey: Guid(3b6b7570f7f06334d8f92aba54a0297c) Importer(815301076,1909f56bfc062723c751e8b465ee728b)
Start importing Assets/Inventory_LAB/Scripts/Treasure System using Guid(3b6b7570f7f06334d8f92aba54a0297c) Importer(815301076,1909f56bfc062723c751e8b465ee728b)  -> (artifact id: 'e177c0ebf4419824d9bf01604e8ba9b6') in 0.027822 seconds 
  Import took 0.037136 seconds .

========================================================================
Received Import Request.
  Time since last request: 18.238924 seconds.
  path: Assets/Inventory_LAB/Scripts/Treasure System/treasurescript.cs
  artifactKey: Guid(6117c5a616a30ed4ab31fa52d4e1e8f7) Importer(815301076,1909f56bfc062723c751e8b465ee728b)
Start importing Assets/Inventory_LAB/Scripts/Treasure System/treasurescript.cs using Guid(6117c5a616a30ed4ab31fa52d4e1e8f7) Importer(815301076,1909f56bfc062723c751e8b465ee728b)  -> (artifact id: 'c1a3781def9458570997afb4205613fb') in 0.015553 seconds 
  Import took 0.022260 seconds .

========================================================================
Received Import Request.
  Time since last request: 0.927488 seconds.
  path: Assets/Inventory_LAB/Scripts/Treasure System/TreasureContentUI.cs
  artifactKey: Guid(88c574d15a40df540b95f1b3cce28b97) Importer(815301076,1909f56bfc062723c751e8b465ee728b)
Start importing Assets/Inventory_LAB/Scripts/Treasure System/TreasureContentUI.cs using Guid(88c574d15a40df540b95f1b3cce28b97) Importer(815301076,1909f56bfc062723c751e8b465ee728b)  -> (artifact id: '9088799829f53eaafdeb60d9555d858a') in 0.013440 seconds 
  Import took 0.018926 seconds .

========================================================================
Received Import Request.
  Time since last request: 0.832332 seconds.
  path: Assets/Inventory_LAB/Scripts/Treasure System/CollectableSlot.cs
  artifactKey: Guid(de28b6e7fb2993c4a817f13ad9d74a1c) Importer(815301076,1909f56bfc062723c751e8b465ee728b)
Start importing Assets/Inventory_LAB/Scripts/Treasure System/CollectableSlot.cs using Guid(de28b6e7fb2993c4a817f13ad9d74a1c) Importer(815301076,1909f56bfc062723c751e8b465ee728b)  -> (artifact id: '6b1fc0007e0c1242e060728badce0606') in 0.011336 seconds 
  Import took 0.017615 seconds .

========================================================================
Received Import Request.
  Time since last request: 479.298964 seconds.
  path: Assets/Inventory_LAB/Scripts/Item Scripts
  artifactKey: Guid(cf2281bad9405a4438a09c62ba3ee190) Importer(815301076,1909f56bfc062723c751e8b465ee728b)
Start importing Assets/Inventory_LAB/Scripts/Item Scripts using Guid(cf2281bad9405a4438a09c62ba3ee190) Importer(815301076,1909f56bfc062723c751e8b465ee728b)  -> (artifact id: '68d1421e5ae12a7304e5c6764e36b3c4') in 0.016202 seconds 
  Import took 0.041323 seconds .

========================================================================
Received Import Request.
  Time since last request: 0.002043 seconds.
  path: Assets/Inventory_LAB/Scripts/Item Scripts
  artifactKey: Guid(cf2281bad9405a4438a09c62ba3ee190) Importer(815301076,1909f56bfc062723c751e8b465ee728b)
Start importing Assets/Inventory_LAB/Scripts/Item Scripts using Guid(cf2281bad9405a4438a09c62ba3ee190) Importer(815301076,1909f56bfc062723c751e8b465ee728b)  -> (artifact id: '68d1421e5ae12a7304e5c6764e36b3c4') in 0.010275 seconds 
  Import took 0.022885 seconds .

========================================================================
Received Import Request.
  Time since last request: 1.735258 seconds.
  path: Assets/Inventory_LAB/Scripts/Item Scripts/Item.cs
  artifactKey: Guid(59fe36cc537c40a49bf9992c71d33d70) Importer(815301076,1909f56bfc062723c751e8b465ee728b)
Start importing Assets/Inventory_LAB/Scripts/Item Scripts/Item.cs using Guid(59fe36cc537c40a49bf9992c71d33d70) Importer(815301076,1909f56bfc062723c751e8b465ee728b)  -> (artifact id: 'a58e4e847f7690707370a3fd1cffc31e') in 0.015753 seconds 
  Import took 0.021482 seconds .

========================================================================
Received Import Request.
  Time since last request: 229.489564 seconds.
  path: Assets/Inventory_LAB/Scripts/Inventory System/Inventory.cs
  artifactKey: Guid(4eeadd5adeba6544784a9003eebd5f88) Importer(815301076,1909f56bfc062723c751e8b465ee728b)
Start importing Assets/Inventory_LAB/Scripts/Inventory System/Inventory.cs using Guid(4eeadd5adeba6544784a9003eebd5f88) Importer(815301076,1909f56bfc062723c751e8b465ee728b)  -> (artifact id: 'ace549b24271561e3b420bb136a5b4cf') in 0.012400 seconds 
  Import took 0.022299 seconds .

========================================================================
Received Import Request.
  Time since last request: 2209.196611 seconds.
  path: Assets/Inventory_LAB/Scripts/Inventory System/InventorySlot.cs
  artifactKey: Guid(bb406365f0c03b647a32fac63d51fbff) Importer(815301076,1909f56bfc062723c751e8b465ee728b)
Start importing Assets/Inventory_LAB/Scripts/Inventory System/InventorySlot.cs using Guid(bb406365f0c03b647a32fac63d51fbff) Importer(815301076,1909f56bfc062723c751e8b465ee728b)  -> (artifact id: '5353bf80a375b2ee6743482e54f7c318') in 0.016899 seconds 
  Import took 0.022769 seconds .

========================================================================
Received Import Request.
  Time since last request: 0.609854 seconds.
  path: Assets/Inventory_LAB/Scripts/Inventory System/InventoryUI.cs
  artifactKey: Guid(f1d5ac62e77f34b47b92564fecc6fe06) Importer(815301076,1909f56bfc062723c751e8b465ee728b)
Start importing Assets/Inventory_LAB/Scripts/Inventory System/InventoryUI.cs using Guid(f1d5ac62e77f34b47b92564fecc6fe06) Importer(815301076,1909f56bfc062723c751e8b465ee728b)  -> (artifact id: 'c96bf302403b390984c7bf964ebe995b') in 0.013797 seconds 
  Import took 0.034617 seconds .

========================================================================
Received Import Request.
  Time since last request: 0.003812 seconds.
  path: Assets/Inventory_LAB/Scripts/Inventory System/InventoryUI.cs
  artifactKey: Guid(f1d5ac62e77f34b47b92564fecc6fe06) Importer(815301076,1909f56bfc062723c751e8b465ee728b)
Start importing Assets/Inventory_LAB/Scripts/Inventory System/InventoryUI.cs using Guid(f1d5ac62e77f34b47b92564fecc6fe06) Importer(815301076,1909f56bfc062723c751e8b465ee728b)  -> (artifact id: 'c96bf302403b390984c7bf964ebe995b') in 0.006954 seconds 
  Import took 0.013727 seconds .

========================================================================
Received Import Request.
  Time since last request: 1.650460 seconds.
  path: Assets/Inventory_LAB/Scripts/Inventory System/cobainventory.cs
  artifactKey: Guid(e1b57fe15e2a200488ab2e36d3869e96) Importer(815301076,1909f56bfc062723c751e8b465ee728b)
Start importing Assets/Inventory_LAB/Scripts/Inventory System/cobainventory.cs using Guid(e1b57fe15e2a200488ab2e36d3869e96) Importer(815301076,1909f56bfc062723c751e8b465ee728b)  -> (artifact id: '8f7794975f12c3122587892e987bef9b') in 0.015714 seconds 
  Import took 0.021310 seconds .

========================================================================
Received Import Request.
  Time since last request: 8.970506 seconds.
  path: Assets/Inventory_LAB/Scripts/Item Scripts/healthPotion.cs
  artifactKey: Guid(6b18962e9694d9941a7e3cbf6616ae36) Importer(815301076,1909f56bfc062723c751e8b465ee728b)
Start importing Assets/Inventory_LAB/Scripts/Item Scripts/healthPotion.cs using Guid(6b18962e9694d9941a7e3cbf6616ae36) Importer(815301076,1909f56bfc062723c751e8b465ee728b)  -> (artifact id: 'f4794ea3b048dbbb6d062178639a953b') in 0.017526 seconds 
  Import took 0.035133 seconds .

========================================================================
Received Import Request.
  Time since last request: 0.002545 seconds.
  path: Assets/Inventory_LAB/Scripts/Item Scripts/healthPotion.cs
  artifactKey: Guid(6b18962e9694d9941a7e3cbf6616ae36) Importer(815301076,1909f56bfc062723c751e8b465ee728b)
Start importing Assets/Inventory_LAB/Scripts/Item Scripts/healthPotion.cs using Guid(6b18962e9694d9941a7e3cbf6616ae36) Importer(815301076,1909f56bfc062723c751e8b465ee728b)  -> (artifact id: 'f4794ea3b048dbbb6d062178639a953b') in 0.002932 seconds 
  Import took 0.008750 seconds .

========================================================================
Received Import Request.
  Time since last request: 123.960562 seconds.
  path: Assets/Inventory_LAB/HealthPotion/HPXX.asset
  artifactKey: Guid(d3c99cad5cb5c304aa8083c9f9278849) Importer(815301076,1909f56bfc062723c751e8b465ee728b)
Start importing Assets/Inventory_LAB/HealthPotion/HPXX.asset using Guid(d3c99cad5cb5c304aa8083c9f9278849) Importer(815301076,1909f56bfc062723c751e8b465ee728b)  -> (artifact id: 'ba7bf21d451b89117ba1affc4ed05c56') in 0.442192 seconds 
  Import took 0.446969 seconds .

========================================================================
Received Prepare
Registering precompiled user dll's ...
Registered in 0.002543 seconds.
Begin MonoManager ReloadAssembly
Native extension for WindowsStandalone target not found
Refreshing native plugins compatible for Editor in 0.66 ms, found 2 plugins.
Preloading 0 native plugins for Editor in 0.00 ms.
Mono: successfully reloaded assembly
- Completed reload, in  1.251 seconds
Platform modules already initialized, skipping
Shader 'Enviro/Lite/SkyboxSimple': fallback shader 'None' not found
Shader 'Enviro/Standard/SkyboxSimple': fallback shader 'None' not found
Refreshing native plugins compatible for Editor in 1.46 ms, found 2 plugins.
Preloading 0 native plugins for Editor in 0.00 ms.
Unloading 1743 Unused Serialized files (Serialized files now loaded: 0)
System memory in use before: 157.8 MB.
System memory in use after: 157.6 MB.

Unloading 15 unused Assets to reduce memory usage. Loaded Objects now: 2329.
Total: 2.673300 ms (FindLiveObjects: 0.242400 ms CreateObjectMapping: 0.077700 ms MarkObjects: 1.852900 ms  DeleteObjects: 0.498800 ms)

AssetImportParameters requested are different than current active one (requested -> active):
  custom:framework-win-MediaFoundation: 216162199b28c13a410421893ffa2e32 -> 
  custom:video-decoder-ogg-theora: a1e56fd34408186e4bbccfd4996cb3dc -> 
  custom:container-muxer-webm: aa71ff27fc2769a1b78a27578f13a17b -> 
  custom:container-demuxer-webm: 4f35f7cbe854078d1ac9338744f61a02 -> 
  custom:container-demuxer-ogg: 62fdf1f143b41e24485cea50d1cbac27 -> 
  custom:video-encoder-webm-vp8: eb34c28f22e8b96e1ab97ce403110664 -> 
  custom:video-codec-MediaFoundation-h265: 746d11721c4dcdbdad8f713fa42b33f4 -> 
  custom:video-decoder-webm-vp8: 9c59270c3fd7afecdb556c50c9e8de78 -> 
  custom:audio-decoder-ogg-vorbis: bf7c407c2cedff20999df2af8eb42d56 -> 
  custom:audio-encoder-webm-vorbis: bf7c407c2cedff20999df2af8eb42d56 -> 
========================================================================
Received Import Request.
  Time since last request: 291.229002 seconds.
  path: Assets/Animated PBR Chest Demo
  artifactKey: Guid(4220f1eb3f94c664f89d1d2694c63ec6) Importer(815301076,1909f56bfc062723c751e8b465ee728b)
Start importing Assets/Animated PBR Chest Demo using Guid(4220f1eb3f94c664f89d1d2694c63ec6) Importer(815301076,1909f56bfc062723c751e8b465ee728b)  -> (artifact id: 'f5ba5456538b92ce63a00ca312dd5527') in 0.025604 seconds 
  Import took 0.037449 seconds .

========================================================================
Received Import Request.
  Time since last request: 82.210542 seconds.
  path: Assets/Animated PBR Chest Demo/Fx/Animated PBR Chest _Fx_D.prefab
  artifactKey: Guid(890ae7669926a2848bc4d3e31b3e0872) Importer(815301076,1909f56bfc062723c751e8b465ee728b)
Start importing Assets/Animated PBR Chest Demo/Fx/Animated PBR Chest _Fx_D.prefab using Guid(890ae7669926a2848bc4d3e31b3e0872) Importer(815301076,1909f56bfc062723c751e8b465ee728b)  -> (artifact id: 'c4968515ccd4798a7824416154a07209') in 0.316671 seconds 
  Import took 0.320646 seconds .

========================================================================
Received Import Request.
  Time since last request: 0.000267 seconds.
  path: Assets/Medieval Mega Pack/MMP 2 (NEWEST)/PBR Docks Sample Assets/FBX/Textures/PBR_Crate_and_Barrel_1_DefaultMaterial_AlbedoTransparency2.png
  artifactKey: Guid(e0a1782c5f6ea7a46811c8e91ca49c91) Importer(815301076,1909f56bfc062723c751e8b465ee728b)
Start importing Assets/Medieval Mega Pack/MMP 2 (NEWEST)/PBR Docks Sample Assets/FBX/Textures/PBR_Crate_and_Barrel_1_DefaultMaterial_AlbedoTransparency2.png using Guid(e0a1782c5f6ea7a46811c8e91ca49c91) Importer(815301076,1909f56bfc062723c751e8b465ee728b)  -> (artifact id: '15051e494001fb6c6015c0971b55c12c') in 0.077848 seconds 
  Import took 0.082061 seconds .

========================================================================
Received Import Request.
  Time since last request: 0.000207 seconds.
  path: Assets/Animated PBR Chest Demo/Fbx/Animated PBR Chest _Wood_Demo.fbx
  artifactKey: Guid(1cc6cc20abc7a464a9dec49ee02361cf) Importer(815301076,1909f56bfc062723c751e8b465ee728b)
Start importing Assets/Animated PBR Chest Demo/Fbx/Animated PBR Chest _Wood_Demo.fbx using Guid(1cc6cc20abc7a464a9dec49ee02361cf) Importer(815301076,1909f56bfc062723c751e8b465ee728b)  -> (artifact id: 'e348793bf2bc39e33e5db8bd389056bc') in 0.233146 seconds 
  Import took 0.237609 seconds .

========================================================================
Received Import Request.
  Time since last request: 0.000217 seconds.
  path: Assets/Medieval Mega Pack/MMP 2 (NEWEST)/PBR Docks Sample Assets/FBX/Textures/PBR_Crate_and_Barrel_1_DefaultMaterial_AO base.png
  artifactKey: Guid(1fe8e82173916b747ac4b1621057c553) Importer(815301076,1909f56bfc062723c751e8b465ee728b)
Start importing Assets/Medieval Mega Pack/MMP 2 (NEWEST)/PBR Docks Sample Assets/FBX/Textures/PBR_Crate_and_Barrel_1_DefaultMaterial_AO base.png using Guid(1fe8e82173916b747ac4b1621057c553) Importer(815301076,1909f56bfc062723c751e8b465ee728b)  -> (artifact id: '98b2c4d062afe4075b857e74cc61a233') in 0.036266 seconds 
  Import took 0.041205 seconds .

========================================================================
Received Import Request.
  Time since last request: 0.000333 seconds.
  path: Assets/Medieval Mega Pack/MMP 2 (NEWEST)/PBR Docks Sample Assets/FBX/Textures/PBR_Crate_and_Barrel_1_DefaultMaterial_AO.png
  artifactKey: Guid(d218622611134b64c91c5ebff1311b7f) Importer(815301076,1909f56bfc062723c751e8b465ee728b)
Start importing Assets/Medieval Mega Pack/MMP 2 (NEWEST)/PBR Docks Sample Assets/FBX/Textures/PBR_Crate_and_Barrel_1_DefaultMaterial_AO.png using Guid(d218622611134b64c91c5ebff1311b7f) Importer(815301076,1909f56bfc062723c751e8b465ee728b)  -> (artifact id: '0c84298d1340defc60e4e55963bc5ca1') in 0.057327 seconds 
  Import took 0.062258 seconds .

========================================================================
Received Import Request.
  Time since last request: 0.000298 seconds.
  path: Assets/Medieval Mega Pack/MMP 2 (NEWEST)/PBR Docks Sample Assets/FBX/Textures/PBR_Crate_and_Barrel_1_DefaultMaterial_AlbedoTransparency.png
  artifactKey: Guid(77e8738885708054ea57f86c0d26358f) Importer(815301076,1909f56bfc062723c751e8b465ee728b)
Start importing Assets/Medieval Mega Pack/MMP 2 (NEWEST)/PBR Docks Sample Assets/FBX/Textures/PBR_Crate_and_Barrel_1_DefaultMaterial_AlbedoTransparency.png using Guid(77e8738885708054ea57f86c0d26358f) Importer(815301076,1909f56bfc062723c751e8b465ee728b)  -> (artifact id: 'e238901547b5cefd17fe1719a9cabb15') in 0.061793 seconds 
  Import took 0.070002 seconds .

========================================================================
Received Import Request.
  Time since last request: 0.000310 seconds.
  path: Assets/Animated PBR Chest Demo/Prefabs/Animated PBR Chest _Wood_Demo.prefab
  artifactKey: Guid(1083f87f08232f541942f4a22a00127e) Importer(815301076,1909f56bfc062723c751e8b465ee728b)
Start importing Assets/Animated PBR Chest Demo/Prefabs/Animated PBR Chest _Wood_Demo.prefab using Guid(1083f87f08232f541942f4a22a00127e) Importer(815301076,1909f56bfc062723c751e8b465ee728b)  -> (artifact id: '7260acad9b9447db8721d358d5644bcd') in 0.102438 seconds 
  Import took 0.112200 seconds .

========================================================================
Received Import Request.
  Time since last request: 0.000297 seconds.
  path: Assets/Medieval Mega Pack/MMP 2 (NEWEST)/PBR Docks Sample Assets/FBX/Textures/PBR_Crate_and_Barrel_1_DefaultMaterial_MetallicSmoothness.png
  artifactKey: Guid(101d017b28d7bd54188217c7ff819e2e) Importer(815301076,1909f56bfc062723c751e8b465ee728b)
Start importing Assets/Medieval Mega Pack/MMP 2 (NEWEST)/PBR Docks Sample Assets/FBX/Textures/PBR_Crate_and_Barrel_1_DefaultMaterial_MetallicSmoothness.png using Guid(101d017b28d7bd54188217c7ff819e2e) Importer(815301076,1909f56bfc062723c751e8b465ee728b)  -> (artifact id: '6948b5984dd64ac18b591ffec7ddb327') in 0.054158 seconds 
  Import took 0.061351 seconds .

========================================================================
Received Import Request.
  Time since last request: 0.000067 seconds.
  path: Assets/Medieval Mega Pack/MMP 2 (NEWEST)/PBR Docks Sample Assets/FBX/Textures/PBR_Crate_and_Barrel_1_DefaultMaterial_Normal.png
  artifactKey: Guid(f3b4a491834f6d8458a6de6f301d5989) Importer(815301076,1909f56bfc062723c751e8b465ee728b)
Start importing Assets/Medieval Mega Pack/MMP 2 (NEWEST)/PBR Docks Sample Assets/FBX/Textures/PBR_Crate_and_Barrel_1_DefaultMaterial_Normal.png using Guid(f3b4a491834f6d8458a6de6f301d5989) Importer(815301076,1909f56bfc062723c751e8b465ee728b)  -> (artifact id: '76abd49703ddb7107bb7731a5aeb0901') in 0.055496 seconds 
  Import took 0.068746 seconds .

========================================================================
Received Import Request.
  Time since last request: 0.000374 seconds.
  path: Assets/Medieval Mega Pack/MMP 2 (NEWEST)/PBR Docks Sample Assets/FBX/Textures/PBR_Crate_and_Barrel_1_DefaultMaterial_MetallicSmoothness.png
  artifactKey: Guid(101d017b28d7bd54188217c7ff819e2e) Importer(815301076,1909f56bfc062723c751e8b465ee728b)
Start importing Assets/Medieval Mega Pack/MMP 2 (NEWEST)/PBR Docks Sample Assets/FBX/Textures/PBR_Crate_and_Barrel_1_DefaultMaterial_MetallicSmoothness.png using Guid(101d017b28d7bd54188217c7ff819e2e) Importer(815301076,1909f56bfc062723c751e8b465ee728b)  -> (artifact id: '6948b5984dd64ac18b591ffec7ddb327') in 0.014458 seconds 
  Import took 0.021447 seconds .

========================================================================
Received Import Request.
  Time since last request: 9.457886 seconds.
  path: Assets/Animated PBR Chest Demo/Prefabs/CameraCentr_D.prefab
  artifactKey: Guid(80e9a8a06e5355146aa7dcc52ed2cd87) Importer(815301076,1909f56bfc062723c751e8b465ee728b)
Start importing Assets/Animated PBR Chest Demo/Prefabs/CameraCentr_D.prefab using Guid(80e9a8a06e5355146aa7dcc52ed2cd87) Importer(815301076,1909f56bfc062723c751e8b465ee728b)  -> (artifact id: 'ea1d8c51ccba51198609e8b8470118c9') in 0.010153 seconds 
  Import took 0.014697 seconds .

========================================================================
Received Import Request.
  Time since last request: 4.807267 seconds.
  path: Assets/Animated PBR Chest Demo/Prefabs
  artifactKey: Guid(e469718682694324bad5bd307b38124d) Importer(815301076,1909f56bfc062723c751e8b465ee728b)
Start importing Assets/Animated PBR Chest Demo/Prefabs using Guid(e469718682694324bad5bd307b38124d) Importer(815301076,1909f56bfc062723c751e8b465ee728b)  -> (artifact id: '27f4b1228837c2544ad1b174be2c7321') in 0.011517 seconds 
  Import took 0.021148 seconds .

========================================================================
Received Import Request.
  Time since last request: 0.014519 seconds.
  path: Assets/Animated PBR Chest Demo/Prefabs
  artifactKey: Guid(e469718682694324bad5bd307b38124d) Importer(815301076,1909f56bfc062723c751e8b465ee728b)
Start importing Assets/Animated PBR Chest Demo/Prefabs using Guid(e469718682694324bad5bd307b38124d) Importer(815301076,1909f56bfc062723c751e8b465ee728b)  -> (artifact id: '27f4b1228837c2544ad1b174be2c7321') in 0.008024 seconds 
  Import took 0.035009 seconds .

========================================================================
Received Import Request.
  Time since last request: 40.705592 seconds.
  path: Assets/Animated PBR Chest Demo/Animation
  artifactKey: Guid(d3f3f2f7d0405184f9c7521c6471ad2b) Importer(815301076,1909f56bfc062723c751e8b465ee728b)
Start importing Assets/Animated PBR Chest Demo/Animation using Guid(d3f3f2f7d0405184f9c7521c6471ad2b) Importer(815301076,1909f56bfc062723c751e8b465ee728b)  -> (artifact id: 'cb5f1ef69191f0ecb01f6a1d67e70665') in 0.011233 seconds 
  Import took 0.018010 seconds .

========================================================================
Received Import Request.
  Time since last request: 43.188873 seconds.
  path: Assets/Animated PBR Chest Demo/Animation/Animated PBR Chest _Demo.controller
  artifactKey: Guid(1a6aac9e874e17646831952da99205e3) Importer(815301076,1909f56bfc062723c751e8b465ee728b)
Start importing Assets/Animated PBR Chest Demo/Animation/Animated PBR Chest _Demo.controller using Guid(1a6aac9e874e17646831952da99205e3) Importer(815301076,1909f56bfc062723c751e8b465ee728b)  -> (artifact id: 'd0168939336030e8861561ff88bd804a') in 0.099454 seconds 
  Import took 0.108783 seconds .

AssetImportWorkerClient::OnTransportError - code=2 error=End of file
